# JRE version: OpenJDK Runtime Environment (11.0.10) (build 11.0.10+0-b96-7249189)
# Java VM: OpenJDK 64-Bit Server VM (11.0.10+0-b96-7249189, mixed mode, tiered, compressed oops, g1 gc, windows-amd64)
Heap:
 garbage-first heap   total 253952K, used 114636K [0x0000000080000000, 0x0000000100000000)
  region size 1024K, 60 young (61440K), 17 survivors (17408K)
 Metaspace       used 57728K, capacity 59455K, committed 59648K, reserved 1101824K
  class space    used 7324K, capacity 7916K, committed 7936K, reserved 1048576K
GC Heap History (12 events):
Event: 1.963 GC heap before
{Heap before GC invocations=0 (full 0):
 garbage-first heap   total 253952K, used 29696K [0x0000000080000000, 0x0000000100000000)
  region size 1024K, 24 young (24576K), 0 survivors (0K)
 Metaspace       used 10218K, capacity 10437K, committed 10624K, reserved 1058816K
  class space    used 1065K, capacity 1139K, committed 1152K, reserved 1048576K
}
Event: 1.969 GC heap after
{Heap after GC invocations=1 (full 0):
 garbage-first heap   total 253952K, used 9293K [0x0000000080000000, 0x0000000100000000)
  region size 1024K, 3 young (3072K), 3 survivors (3072K)
 Metaspace       used 10218K, capacity 10437K, committed 10624K, reserved 1058816K
  class space    used 1065K, capacity 1139K, committed 1152K, reserved 1048576K
}
Event: 7.459 GC heap before
{Heap before GC invocations=1 (full 0):
 garbage-first heap   total 253952K, used 105549K [0x0000000080000000, 0x0000000100000000)
  region size 1024K, 98 young (100352K), 3 survivors (3072K)
 Metaspace       used 20518K, capacity 21097K, committed 21248K, reserved 1067008K
  class space    used 2504K, capacity 2695K, committed 2816K, reserved 1048576K
}
Event: 7.474 GC heap after
{Heap after GC invocations=2 (full 0):
 garbage-first heap   total 253952K, used 16793K [0x0000000080000000, 0x0000000100000000)
  region size 1024K, 11 young (11264K), 11 survivors (11264K)
 Metaspace       used 20518K, capacity 21097K, committed 21248K, reserved 1067008K
  class space    used 2504K, capacity 2695K, committed 2816K, reserved 1048576K
}
Event: 9.045 GC heap before
{Heap before GC invocations=3 (full 0):
 garbage-first heap   total 253952K, used 93593K [0x0000000080000000, 0x0000000100000000)
  region size 1024K, 77 young (78848K), 11 survivors (11264K)
 Metaspace       used 26941K, capacity 27760K, committed 27904K, reserved 1073152K
  class space    used 3551K, capacity 3838K, committed 3840K, reserved 1048576K
}
Event: 9.058 GC heap after
{Heap after GC invocations=4 (full 0):
 garbage-first heap   total 253952K, used 32287K [0x0000000080000000, 0x0000000100000000)
  region size 1024K, 6 young (6144K), 6 survivors (6144K)
 Metaspace       used 26941K, capacity 27760K, committed 27904K, reserved 1073152K
  class space    used 3551K, capacity 3838K, committed 3840K, reserved 1048576K
}
Event: 10.584 GC heap before
{Heap before GC invocations=4 (full 0):
 garbage-first heap   total 253952K, used 82463K [0x0000000080000000, 0x0000000100000000)
  region size 1024K, 56 young (57344K), 6 survivors (6144K)
 Metaspace       used 34853K, capacity 35722K, committed 35840K, reserved 1081344K
  class space    used 4550K, capacity 4897K, committed 4992K, reserved 1048576K
}
Event: 10.600 GC heap after
{Heap after GC invocations=5 (full 0):
 garbage-first heap   total 253952K, used 35551K [0x0000000080000000, 0x0000000100000000)
  region size 1024K, 9 young (9216K), 9 survivors (9216K)
 Metaspace       used 34853K, capacity 35722K, committed 35840K, reserved 1081344K
  class space    used 4550K, capacity 4897K, committed 4992K, reserved 1048576K
}
Event: 13.483 GC heap before
{Heap before GC invocations=6 (full 0):
 garbage-first heap   total 253952K, used 161503K [0x0000000080000000, 0x0000000100000000)
  region size 1024K, 121 young (123904K), 9 survivors (9216K)
 Metaspace       used 44545K, capacity 45741K, committed 46080K, reserved 1089536K
  class space    used 5602K, capacity 6051K, committed 6144K, reserved 1048576K
}
Event: 13.524 GC heap after
{Heap after GC invocations=7 (full 0):
 garbage-first heap   total 253952K, used 53106K [0x0000000080000000, 0x0000000100000000)
  region size 1024K, 16 young (16384K), 16 survivors (16384K)
 Metaspace       used 44545K, capacity 45741K, committed 46080K, reserved 1089536K
  class space    used 5602K, capacity 6051K, committed 6144K, reserved 1048576K
}
Event: 16.975 GC heap before
{Heap before GC invocations=8 (full 0):
 garbage-first heap   total 253952K, used 182130K [0x0000000080000000, 0x0000000100000000)
  region size 1024K, 134 young (137216K), 16 survivors (16384K)
 Metaspace       used 51348K, capacity 52840K, committed 52992K, reserved 1095680K
  class space    used 6575K, capacity 7058K, committed 7168K, reserved 1048576K
}
Event: 17.000 GC heap after
{Heap after GC invocations=9 (full 0):
 garbage-first heap   total 253952K, used 71628K [0x0000000080000000, 0x0000000100000000)
  region size 1024K, 17 young (17408K), 17 survivors (17408K)
 Metaspace       used 51348K, capacity 52840K, committed 52992K, reserved 1095680K
  class space    used 6575K, capacity 7058K, committed 7168K, reserved 1048576K
}

