# JRE version: OpenJDK Runtime Environment (11.0.10) (build 11.0.10+0-b96-7249189)
# Java VM: OpenJDK 64-Bit Server VM (11.0.10+0-b96-7249189, mixed mode, tiered, compressed oops, g1 gc, windows-amd64)
Heap:
 garbage-first heap   total 253952K, used 133648K [0x0000000080000000, 0x0000000100000000)
  region size 1024K, 53 young (54272K), 12 survivors (12288K)
 Metaspace       used 88084K, capacity 90324K, committed 90496K, reserved 1128448K
  class space    used 11304K, capacity 12077K, committed 12160K, reserved 1048576K
GC Heap History (20 events):
Event: 1.314 GC heap before
{Heap before GC invocations=0 (full 0):
 garbage-first heap   total 253952K, used 29696K [0x0000000080000000, 0x0000000100000000)
  region size 1024K, 24 young (24576K), 0 survivors (0K)
 Metaspace       used 10220K, capacity 10493K, committed 10624K, reserved 1058816K
  class space    used 1064K, capacity 1139K, committed 1152K, reserved 1048576K
}
Event: 1.320 GC heap after
{Heap after GC invocations=1 (full 0):
 garbage-first heap   total 253952K, used 9240K [0x0000000080000000, 0x0000000100000000)
  region size 1024K, 3 young (3072K), 3 survivors (3072K)
 Metaspace       used 10220K, capacity 10493K, committed 10624K, reserved 1058816K
  class space    used 1064K, capacity 1139K, committed 1152K, reserved 1048576K
}
Event: 7.932 GC heap before
{Heap before GC invocations=1 (full 0):
 garbage-first heap   total 253952K, used 105496K [0x0000000080000000, 0x0000000100000000)
  region size 1024K, 98 young (100352K), 3 survivors (3072K)
 Metaspace       used 20521K, capacity 21089K, committed 21248K, reserved 1067008K
  class space    used 2504K, capacity 2695K, committed 2816K, reserved 1048576K
}
Event: 7.954 GC heap after
{Heap after GC invocations=2 (full 0):
 garbage-first heap   total 253952K, used 16451K [0x0000000080000000, 0x0000000100000000)
  region size 1024K, 11 young (11264K), 11 survivors (11264K)
 Metaspace       used 20521K, capacity 21089K, committed 21248K, reserved 1067008K
  class space    used 2504K, capacity 2695K, committed 2816K, reserved 1048576K
}
Event: 9.753 GC heap before
{Heap before GC invocations=3 (full 0):
 garbage-first heap   total 253952K, used 89155K [0x0000000080000000, 0x0000000100000000)
  region size 1024K, 72 young (73728K), 11 survivors (11264K)
 Metaspace       used 26701K, capacity 27461K, committed 27648K, reserved 1073152K
  class space    used 3514K, capacity 3805K, committed 3840K, reserved 1048576K
}
Event: 9.765 GC heap after
{Heap after GC invocations=4 (full 0):
 garbage-first heap   total 253952K, used 31392K [0x0000000080000000, 0x0000000100000000)
  region size 1024K, 5 young (5120K), 5 survivors (5120K)
 Metaspace       used 26701K, capacity 27461K, committed 27648K, reserved 1073152K
  class space    used 3514K, capacity 3805K, committed 3840K, reserved 1048576K
}
Event: 11.664 GC heap before
{Heap before GC invocations=4 (full 0):
 garbage-first heap   total 253952K, used 87712K [0x0000000080000000, 0x0000000100000000)
  region size 1024K, 61 young (62464K), 5 survivors (5120K)
 Metaspace       used 34854K, capacity 35714K, committed 35840K, reserved 1081344K
  class space    used 4550K, capacity 4897K, committed 4992K, reserved 1048576K
}
Event: 11.684 GC heap after
{Heap after GC invocations=5 (full 0):
 garbage-first heap   total 253952K, used 34137K [0x0000000080000000, 0x0000000100000000)
  region size 1024K, 8 young (8192K), 8 survivors (8192K)
 Metaspace       used 34854K, capacity 35714K, committed 35840K, reserved 1081344K
  class space    used 4550K, capacity 4897K, committed 4992K, reserved 1048576K
}
Event: 15.854 GC heap before
{Heap before GC invocations=6 (full 0):
 garbage-first heap   total 253952K, used 154969K [0x0000000080000000, 0x0000000100000000)
  region size 1024K, 115 young (117760K), 8 survivors (8192K)
 Metaspace       used 44511K, capacity 45718K, committed 45824K, reserved 1089536K
  class space    used 5597K, capacity 6047K, committed 6144K, reserved 1048576K
}
Event: 15.871 GC heap after
{Heap after GC invocations=7 (full 0):
 garbage-first heap   total 253952K, used 51027K [0x0000000080000000, 0x0000000100000000)
  region size 1024K, 15 young (15360K), 15 survivors (15360K)
 Metaspace       used 44511K, capacity 45718K, committed 45824K, reserved 1089536K
  class space    used 5597K, capacity 6047K, committed 6144K, reserved 1048576K
}
Event: 57.217 GC heap before
{Heap before GC invocations=7 (full 0):
 garbage-first heap   total 253952K, used 175955K [0x0000000080000000, 0x0000000100000000)
  region size 1024K, 130 young (133120K), 15 survivors (15360K)
 Metaspace       used 50284K, capacity 51829K, committed 52096K, reserved 1093632K
  class space    used 6425K, capacity 6914K, committed 7040K, reserved 1048576K
}
Event: 57.237 GC heap after
{Heap after GC invocations=8 (full 0):
 garbage-first heap   total 253952K, used 70896K [0x0000000080000000, 0x0000000100000000)
  region size 1024K, 17 young (17408K), 17 survivors (17408K)
 Metaspace       used 50284K, capacity 51829K, committed 52096K, reserved 1093632K
  class space    used 6425K, capacity 6914K, committed 7040K, reserved 1048576K
}
Event: 59.113 GC heap before
{Heap before GC invocations=8 (full 0):
 garbage-first heap   total 253952K, used 130288K [0x0000000080000000, 0x0000000100000000)
  region size 1024K, 76 young (77824K), 17 survivors (17408K)
 Metaspace       used 58462K, capacity 60046K, committed 60160K, reserved 1101824K
  class space    used 7438K, capacity 7986K, committed 8064K, reserved 1048576K
}
Event: 59.149 GC heap after
{Heap after GC invocations=9 (full 0):
 garbage-first heap   total 253952K, used 74617K [0x0000000080000000, 0x0000000100000000)
  region size 1024K, 3 young (3072K), 3 survivors (3072K)
 Metaspace       used 58462K, capacity 60046K, committed 60160K, reserved 1101824K
  class space    used 7438K, capacity 7986K, committed 8064K, reserved 1048576K
}
Event: 63.628 GC heap before
{Heap before GC invocations=10 (full 0):
 garbage-first heap   total 253952K, used 168825K [0x0000000080000000, 0x0000000100000000)
  region size 1024K, 95 young (97280K), 3 survivors (3072K)
 Metaspace       used 67406K, capacity 69149K, committed 69376K, reserved 1110016K
  class space    used 8559K, capacity 9172K, committed 9216K, reserved 1048576K
}
Event: 63.651 GC heap after
{Heap after GC invocations=11 (full 0):
 garbage-first heap   total 253952K, used 80988K [0x0000000080000000, 0x0000000100000000)
  region size 1024K, 10 young (10240K), 10 survivors (10240K)
 Metaspace       used 67406K, capacity 69149K, committed 69376K, reserved 1110016K
  class space    used 8559K, capacity 9172K, committed 9216K, reserved 1048576K
}
Event: 67.586 GC heap before
{Heap before GC invocations=12 (full 0):
 garbage-first heap   total 253952K, used 176220K [0x0000000080000000, 0x0000000100000000)
  region size 1024K, 103 young (105472K), 10 survivors (10240K)
 Metaspace       used 75723K, capacity 77656K, committed 77824K, reserved 1116160K
  class space    used 9810K, capacity 10466K, committed 10496K, reserved 1048576K
}
Event: 67.602 GC heap after
{Heap after GC invocations=13 (full 0):
 garbage-first heap   total 253952K, used 87184K [0x0000000080000000, 0x0000000100000000)
  region size 1024K, 7 young (7168K), 7 survivors (7168K)
 Metaspace       used 75723K, capacity 77656K, committed 77824K, reserved 1116160K
  class space    used 9810K, capacity 10466K, committed 10496K, reserved 1048576K
}
Event: 71.023 GC heap before
{Heap before GC invocations=13 (full 0):
 garbage-first heap   total 253952K, used 183440K [0x0000000080000000, 0x0000000100000000)
  region size 1024K, 101 young (103424K), 7 survivors (7168K)
 Metaspace       used 83291K, capacity 85376K, committed 85504K, reserved 1124352K
  class space    used 10741K, capacity 11484K, committed 11520K, reserved 1048576K
}
Event: 71.034 GC heap after
{Heap after GC invocations=14 (full 0):
 garbage-first heap   total 253952K, used 92688K [0x0000000080000000, 0x0000000100000000)
  region size 1024K, 12 young (12288K), 12 survivors (12288K)
 Metaspace       used 83291K, capacity 85376K, committed 85504K, reserved 1124352K
  class space    used 10741K, capacity 11484K, committed 11520K, reserved 1048576K
}

