# JRE version: OpenJDK Runtime Environment (11.0.10) (build 11.0.10+0-b96-7249189)
# Java VM: OpenJDK 64-Bit Server VM (11.0.10+0-b96-7249189, mixed mode, tiered, compressed oops, g1 gc, windows-amd64)
Heap:
 garbage-first heap   total 253952K, used 189224K [0x0000000080000000, 0x0000000100000000)
  region size 1024K, 66 young (67584K), 2 survivors (2048K)
 Metaspace       used 114958K, capacity 117643K, committed 117708K, reserved 1153024K
  class space    used 14374K, capacity 15327K, committed 15360K, reserved 1048576K
GC Heap History (20 events):
Event: 308.519 GC heap before
{Heap before GC invocations=46 (full 0):
 garbage-first heap   total 253952K, used 193536K [0x0000000080000000, 0x0000000100000000)
  region size 1024K, 69 young (70656K), 5 survivors (5120K)
 Metaspace       used 105240K, capacity 107787K, committed 108108K, reserved 1142784K
  class space    used 13162K, capacity 14056K, committed 14208K, reserved 1048576K
}
Event: 308.522 GC heap after
{Heap after GC invocations=47 (full 0):
 garbage-first heap   total 253952K, used 125880K [0x0000000080000000, 0x0000000100000000)
  region size 1024K, 4 young (4096K), 4 survivors (4096K)
 Metaspace       used 105240K, capacity 107787K, committed 108108K, reserved 1142784K
  class space    used 13162K, capacity 14056K, committed 14208K, reserved 1048576K
}
Event: 308.881 GC heap before
{Heap before GC invocations=47 (full 0):
 garbage-first heap   total 253952K, used 195512K [0x0000000080000000, 0x0000000100000000)
  region size 1024K, 73 young (74752K), 4 survivors (4096K)
 Metaspace       used 105243K, capacity 107787K, committed 108108K, reserved 1142784K
  class space    used 13162K, capacity 14056K, committed 14208K, reserved 1048576K
}
Event: 308.884 GC heap after
{Heap after GC invocations=48 (full 0):
 garbage-first heap   total 253952K, used 128045K [0x0000000080000000, 0x0000000100000000)
  region size 1024K, 6 young (6144K), 6 survivors (6144K)
 Metaspace       used 105243K, capacity 107787K, committed 108108K, reserved 1142784K
  class space    used 13162K, capacity 14056K, committed 14208K, reserved 1048576K
}
Event: 311.864 GC heap before
{Heap before GC invocations=49 (full 0):
 garbage-first heap   total 253952K, used 199725K [0x0000000080000000, 0x0000000100000000)
  region size 1024K, 77 young (78848K), 6 survivors (6144K)
 Metaspace       used 105693K, capacity 108212K, committed 108364K, reserved 1142784K
  class space    used 13199K, capacity 14100K, committed 14208K, reserved 1048576K
}
Event: 311.871 GC heap after
{Heap after GC invocations=50 (full 0):
 garbage-first heap   total 253952K, used 131084K [0x0000000080000000, 0x0000000100000000)
  region size 1024K, 8 young (8192K), 8 survivors (8192K)
 Metaspace       used 105693K, capacity 108212K, committed 108364K, reserved 1142784K
  class space    used 13199K, capacity 14100K, committed 14208K, reserved 1048576K
}
Event: 314.846 GC heap before
{Heap before GC invocations=50 (full 0):
 garbage-first heap   total 253952K, used 202764K [0x0000000080000000, 0x0000000100000000)
  region size 1024K, 79 young (80896K), 8 survivors (8192K)
 Metaspace       used 106112K, capacity 108718K, committed 108876K, reserved 1144832K
  class space    used 13226K, capacity 14114K, committed 14208K, reserved 1048576K
}
Event: 314.851 GC heap after
{Heap after GC invocations=51 (full 0):
 garbage-first heap   total 253952K, used 131321K [0x0000000080000000, 0x0000000100000000)
  region size 1024K, 4 young (4096K), 4 survivors (4096K)
 Metaspace       used 106112K, capacity 108718K, committed 108876K, reserved 1144832K
  class space    used 13226K, capacity 14114K, committed 14208K, reserved 1048576K
}
Event: 315.742 GC heap before
{Heap before GC invocations=52 (full 0):
 garbage-first heap   total 253952K, used 205049K [0x0000000080000000, 0x0000000100000000)
  region size 1024K, 78 young (79872K), 4 survivors (4096K)
 Metaspace       used 106368K, capacity 108974K, committed 109132K, reserved 1144832K
  class space    used 13248K, capacity 14178K, committed 14208K, reserved 1048576K
}
Event: 315.748 GC heap after
{Heap after GC invocations=53 (full 0):
 garbage-first heap   total 253952K, used 131657K [0x0000000080000000, 0x0000000100000000)
  region size 1024K, 5 young (5120K), 5 survivors (5120K)
 Metaspace       used 106368K, capacity 108974K, committed 109132K, reserved 1144832K
  class space    used 13248K, capacity 14178K, committed 14208K, reserved 1048576K
}
Event: 315.903 GC heap before
{Heap before GC invocations=53 (full 0):
 garbage-first heap   total 253952K, used 138825K [0x0000000080000000, 0x0000000100000000)
  region size 1024K, 12 young (12288K), 5 survivors (5120K)
 Metaspace       used 106374K, capacity 108974K, committed 109132K, reserved 1144832K
  class space    used 13248K, capacity 14178K, committed 14208K, reserved 1048576K
}
Event: 315.909 GC heap after
{Heap after GC invocations=54 (full 0):
 garbage-first heap   total 253952K, used 126638K [0x0000000080000000, 0x0000000100000000)
  region size 1024K, 1 young (1024K), 1 survivors (1024K)
 Metaspace       used 106374K, capacity 108974K, committed 109132K, reserved 1144832K
  class space    used 13248K, capacity 14178K, committed 14208K, reserved 1048576K
}
Event: 317.845 GC heap before
{Heap before GC invocations=54 (full 0):
 garbage-first heap   total 253952K, used 205486K [0x0000000080000000, 0x0000000100000000)
  region size 1024K, 78 young (79872K), 1 survivors (1024K)
 Metaspace       used 106378K, capacity 108974K, committed 109132K, reserved 1144832K
  class space    used 13248K, capacity 14178K, committed 14208K, reserved 1048576K
}
Event: 317.849 GC heap after
{Heap after GC invocations=55 (full 0):
 garbage-first heap   total 253952K, used 126331K [0x0000000080000000, 0x0000000100000000)
  region size 1024K, 1 young (1024K), 1 survivors (1024K)
 Metaspace       used 106378K, capacity 108974K, committed 109132K, reserved 1144832K
  class space    used 13248K, capacity 14178K, committed 14208K, reserved 1048576K
}
Event: 319.336 GC heap before
{Heap before GC invocations=56 (full 0):
 garbage-first heap   total 253952K, used 208251K [0x0000000080000000, 0x0000000100000000)
  region size 1024K, 81 young (82944K), 1 survivors (1024K)
 Metaspace       used 106388K, capacity 108968K, committed 109132K, reserved 1144832K
  class space    used 13248K, capacity 14177K, committed 14208K, reserved 1048576K
}
Event: 319.340 GC heap after
{Heap after GC invocations=57 (full 0):
 garbage-first heap   total 253952K, used 126504K [0x0000000080000000, 0x0000000100000000)
  region size 1024K, 1 young (1024K), 1 survivors (1024K)
 Metaspace       used 106388K, capacity 108968K, committed 109132K, reserved 1144832K
  class space    used 13248K, capacity 14177K, committed 14208K, reserved 1048576K
}
Event: 319.566 GC heap before
{Heap before GC invocations=57 (full 0):
 garbage-first heap   total 253952K, used 136744K [0x0000000080000000, 0x0000000100000000)
  region size 1024K, 12 young (12288K), 1 survivors (1024K)
 Metaspace       used 106389K, capacity 108968K, committed 109132K, reserved 1144832K
  class space    used 13248K, capacity 14177K, committed 14208K, reserved 1048576K
}
Event: 319.569 GC heap after
{Heap after GC invocations=58 (full 0):
 garbage-first heap   total 253952K, used 125499K [0x0000000080000000, 0x0000000100000000)
  region size 1024K, 1 young (1024K), 1 survivors (1024K)
 Metaspace       used 106389K, capacity 108968K, committed 109132K, reserved 1144832K
  class space    used 13248K, capacity 14177K, committed 14208K, reserved 1048576K
}
Event: 322.138 GC heap before
{Heap before GC invocations=58 (full 0):
 garbage-first heap   total 253952K, used 209467K [0x0000000080000000, 0x0000000100000000)
  region size 1024K, 84 young (86016K), 1 survivors (1024K)
 Metaspace       used 110472K, capacity 113131K, committed 113356K, reserved 1148928K
  class space    used 13816K, capacity 14783K, committed 14848K, reserved 1048576K
}
Event: 322.144 GC heap after
{Heap after GC invocations=59 (full 0):
 garbage-first heap   total 253952K, used 124712K [0x0000000080000000, 0x0000000100000000)
  region size 1024K, 2 young (2048K), 2 survivors (2048K)
 Metaspace       used 110472K, capacity 113131K, committed 113356K, reserved 1148928K
  class space    used 13816K, capacity 14783K, committed 14848K, reserved 1048576K
}

